2026-06-28 20:05:46,457 INFO Direct RL Training (custom loop, timeout-resilient)
2026-06-28 20:05:46,457 INFO Steps: 100,000 | Batch: 256 | Device: cpu
2026-06-28 20:05:46,457 INFO Checkpoints: models\rl_checkpoints
2026-06-28 20:05:49,041 INFO 
=== Batch 1 (256 steps) ===
2026-06-28 20:05:49,041 INFO Collecting rollouts...
2026-06-28 20:05:49,042 INFO Connecting to TORCS at localhost:3001 (attempt 1)
2026-06-28 20:05:49,048 INFO Handshake successful (server identified client).
2026-06-28 20:05:49,478 INFO Rollouts complete: 256 steps in 0.4s (585.7 steps/s)
2026-06-28 20:05:49,511 INFO Checkpoint saved: models\rl_checkpoints\rl_step_256.zip
2026-06-28 20:05:49,511 INFO 
=== Batch 2 (256 steps) ===
2026-06-28 20:05:49,511 INFO Collecting rollouts...
2026-06-28 20:05:49,573 WARNING Timeout: TORCS reset the connection (WinError 10054). The SCR server likely timed out waiting for the client. Ensure the driver connects and sends the first action before TORCS's SCR timeouts fire (~2-3 s pre-connection, ~2.85 s per-action).
2026-06-28 20:05:49,573 INFO Connecting to TORCS at localhost:3001 (attempt 1)
2026-06-28 20:05:49,574 WARNING TORCS timeout (batch 2), reconnecting on next batch...
2026-06-28 20:05:51,583 INFO 
=== Batch 3 (256 steps) ===
2026-06-28 20:05:51,584 INFO Collecting rollouts...
2026-06-28 20:05:51,622 INFO Final model saved: models\rl_direct_v1/final.zip
Traceback (most recent call last):
  File "U:\AI-Partition\progetto_v2\ai_private_proj\training\rl\train_rl_direct.py", line 138, in <module>
    main()
  File "U:\AI-Partition\progetto_v2\ai_private_proj\training\rl\train_rl_direct.py", line 130, in main
    train_with_checkpoints(env, model, args.steps, checkpoint_dir, args.batch_size)
  File "U:\AI-Partition\progetto_v2\ai_private_proj\training\rl\train_rl_direct.py", line 54, in train_with_checkpoints
    model.learn(
  File "U:\conda\miniconda3\envs\ai_env\lib\site-packages\stable_baselines3\ppo\ppo.py", line 311, in learn
    return super().learn(
  File "U:\conda\miniconda3\envs\ai_env\lib\site-packages\stable_baselines3\common\on_policy_algorithm.py", line 324, in learn
    continue_training = self.collect_rollouts(self.env, callback, self.rollout_buffer, n_rollout_steps=self.n_steps)
  File "U:\conda\miniconda3\envs\ai_env\lib\site-packages\stable_baselines3\common\on_policy_algorithm.py", line 218, in collect_rollouts
    new_obs, rewards, dones, infos = env.step(clipped_actions)
  File "U:\conda\miniconda3\envs\ai_env\lib\site-packages\stable_baselines3\common\vec_env\base_vec_env.py", line 222, in step
    return self.step_wait()
  File "U:\conda\miniconda3\envs\ai_env\lib\site-packages\stable_baselines3\common\vec_env\dummy_vec_env.py", line 59, in step_wait
    obs, self.buf_rews[env_idx], terminated, truncated, self.buf_infos[env_idx] = self.envs[env_idx].step(  # type: ignore[assignment]
  File "U:\conda\miniconda3\envs\ai_env\lib\site-packages\stable_baselines3\common\monitor.py", line 96, in step
    observation, reward, terminated, truncated, info = self.env.step(action)
  File "U:\AI-Partition\progetto_v2\ai_private_proj\training\rl\gym_env.py", line 161, in step
    raise RuntimeError("Client is None; reset() must be called first")
RuntimeError: Client is None; reset() must be called first
ERROR conda.cli.main_run:execute(148): `conda run python training/rl/train_rl_direct.py --steps 100000 --batch-size 256 --device cpu` failed. (See above for error)
