Handshake timeout. Retrying in 2 s…
Handshake timeout. Retrying in 4 s…
Handshake timeout. Retrying in 8 s…
Handshake timeout. Retrying in 16 s…
Handshake timeout. Retrying in 32 s…
Traceback (most recent call last):
  File "U:\AI-Partition\progetto_v2\ai_private_proj\training\rl\train_ddpg.py", line 103, in <module>
    main()
  File "U:\AI-Partition\progetto_v2\ai_private_proj\training\rl\train_ddpg.py", line 90, in main
    model.learn(
  File "U:\conda\miniconda3\envs\ai_env\lib\site-packages\stable_baselines3\ddpg\ddpg.py", line 126, in learn
    return super().learn(
  File "U:\conda\miniconda3\envs\ai_env\lib\site-packages\stable_baselines3\td3\td3.py", line 227, in learn
    return super().learn(
  File "U:\conda\miniconda3\envs\ai_env\lib\site-packages\stable_baselines3\common\off_policy_algorithm.py", line 321, in learn
    total_timesteps, callback = self._setup_learn(
  File "U:\conda\miniconda3\envs\ai_env\lib\site-packages\stable_baselines3\common\off_policy_algorithm.py", line 304, in _setup_learn
    return super()._setup_learn(
  File "U:\conda\miniconda3\envs\ai_env\lib\site-packages\stable_baselines3\common\base_class.py", line 423, in _setup_learn
    self._last_obs = self.env.reset()  # type: ignore[assignment]
  File "U:\conda\miniconda3\envs\ai_env\lib\site-packages\stable_baselines3\common\vec_env\dummy_vec_env.py", line 78, in reset
    obs, self.reset_infos[env_idx] = self.envs[env_idx].reset(seed=self._seeds[env_idx], **maybe_options)
  File "U:\conda\miniconda3\envs\ai_env\lib\site-packages\stable_baselines3\common\monitor.py", line 85, in reset
    return self.env.reset(**kwargs)
  File "U:\AI-Partition\progetto_v2\ai_private_proj\training\rl\gym_env.py", line 124, in reset
    self._client.connect()
  File "U:\AI-Partition\progetto_v2\ai_private_proj\torcs_env\client.py", line 75, in connect
    self._handshake()
  File "U:\AI-Partition\progetto_v2\ai_private_proj\torcs_env\client.py", line 105, in _handshake
    raise ConnectionError(
ConnectionError: Could not connect to TORCS at localhost:3001 after 5 attempts.
ERROR conda.cli.main_run:execute(148): `conda run python training/rl/train_ddpg.py --steps 50000 --device cpu` failed. (See above for error)
Device: cpu | Host: localhost:3001 | Steps: 50,000
Using cpu device
Wrapping the env with a `Monitor` wrapper
Wrapping the env in a DummyVecEnv.

Model saved → models\ddpg_v1.zip
